0 info it worked if it ends with ok
1 verbose cli [ '/usr/bin/nodejs',
1 verbose cli   '/usr/bin/npm',
1 verbose cli   'install',
1 verbose cli   'youtube-node',
1 verbose cli   '-g' ]
2 info using npm@2.15.1
3 info using node@v4.4.4
4 verbose install initial load of /usr/lib/package.json
5 verbose readDependencies loading dependencies from /usr/lib/package.json
6 silly cache add args [ 'youtube-node', null ]
7 verbose cache add spec youtube-node
8 silly cache add parsed spec Result {
8 silly cache add   raw: 'youtube-node',
8 silly cache add   scope: null,
8 silly cache add   name: 'youtube-node',
8 silly cache add   rawSpec: '',
8 silly cache add   spec: 'latest',
8 silly cache add   type: 'tag' }
9 silly addNamed youtube-node@latest
10 verbose addNamed "latest" is being treated as a dist-tag for youtube-node
11 info addNameTag [ 'youtube-node', 'latest' ]
12 silly mapToRegistry name youtube-node
13 silly mapToRegistry using default registry
14 silly mapToRegistry registry https://registry.npmjs.org/
15 silly mapToRegistry data Result {
15 silly mapToRegistry   raw: 'youtube-node',
15 silly mapToRegistry   scope: null,
15 silly mapToRegistry   name: 'youtube-node',
15 silly mapToRegistry   rawSpec: '',
15 silly mapToRegistry   spec: 'latest',
15 silly mapToRegistry   type: 'tag' }
16 silly mapToRegistry uri https://registry.npmjs.org/youtube-node
17 verbose addNameTag registry:https://registry.npmjs.org/youtube-node not in flight; fetching
18 verbose request uri https://registry.npmjs.org/youtube-node
19 verbose request no auth needed
20 info attempt registry request try #1 at 6:34:51 PM
21 verbose request id dd43411435f2fcb2
22 http request GET https://registry.npmjs.org/youtube-node
23 http 200 https://registry.npmjs.org/youtube-node
24 verbose headers { server: 'CouchDB/1.5.0 (Erlang OTP/R16B03)',
24 verbose headers   etag: '"1NPUB04V3ZUORI16R6ADZDRVY"',
24 verbose headers   'content-type': 'application/json',
24 verbose headers   'content-encoding': 'gzip',
24 verbose headers   'cache-control': 'max-age=300',
24 verbose headers   'content-length': '3131',
24 verbose headers   'accept-ranges': 'bytes',
24 verbose headers   date: 'Sat, 14 May 2016 15:34:52 GMT',
24 verbose headers   via: '1.1 varnish',
24 verbose headers   age: '0',
24 verbose headers   connection: 'keep-alive',
24 verbose headers   'x-served-by': 'cache-fra1232-FRA',
24 verbose headers   'x-cache': 'MISS',
24 verbose headers   'x-cache-hits': '0',
24 verbose headers   'x-timer': 'S1463240091.975397,VS0,VE428',
24 verbose headers   vary: 'Accept-Encoding' }
25 silly get cb [ 200,
25 silly get   { server: 'CouchDB/1.5.0 (Erlang OTP/R16B03)',
25 silly get     etag: '"1NPUB04V3ZUORI16R6ADZDRVY"',
25 silly get     'content-type': 'application/json',
25 silly get     'content-encoding': 'gzip',
25 silly get     'cache-control': 'max-age=300',
25 silly get     'content-length': '3131',
25 silly get     'accept-ranges': 'bytes',
25 silly get     date: 'Sat, 14 May 2016 15:34:52 GMT',
25 silly get     via: '1.1 varnish',
25 silly get     age: '0',
25 silly get     connection: 'keep-alive',
25 silly get     'x-served-by': 'cache-fra1232-FRA',
25 silly get     'x-cache': 'MISS',
25 silly get     'x-cache-hits': '0',
25 silly get     'x-timer': 'S1463240091.975397,VS0,VE428',
25 silly get     vary: 'Accept-Encoding' } ]
26 verbose get saving youtube-node to /home/marts/.npm/registry.npmjs.org/youtube-node/.cache.json
27 verbose correctMkdir /home/marts/.npm correctMkdir not in flight; initializing
28 silly addNameTag next cb for youtube-node with tag latest
29 silly addNamed youtube-node@1.3.0
30 verbose addNamed "1.3.0" is a plain semver version for youtube-node
31 silly mapToRegistry name youtube-node
32 silly mapToRegistry using default registry
33 silly mapToRegistry registry https://registry.npmjs.org/
34 silly mapToRegistry data Result {
34 silly mapToRegistry   raw: 'youtube-node',
34 silly mapToRegistry   scope: null,
34 silly mapToRegistry   name: 'youtube-node',
34 silly mapToRegistry   rawSpec: '',
34 silly mapToRegistry   spec: 'latest',
34 silly mapToRegistry   type: 'tag' }
35 silly mapToRegistry uri https://registry.npmjs.org/youtube-node
36 verbose addRemoteTarball https://registry.npmjs.org/youtube-node/-/youtube-node-1.3.0.tgz not in flight; adding
37 verbose addRemoteTarball [ 'https://registry.npmjs.org/youtube-node/-/youtube-node-1.3.0.tgz',
37 verbose addRemoteTarball   '5c62450ed10349e4b12362aca8b121db1d931ba6' ]
38 info retry fetch attempt 1 at 6:34:52 PM
39 info attempt registry request try #1 at 6:34:52 PM
40 http fetch GET https://registry.npmjs.org/youtube-node/-/youtube-node-1.3.0.tgz
41 http fetch 200 https://registry.npmjs.org/youtube-node/-/youtube-node-1.3.0.tgz
42 silly fetchAndShaCheck shasum 5c62450ed10349e4b12362aca8b121db1d931ba6
43 verbose addTmpTarball /tmp/npm-6601-79cc9586/registry.npmjs.org/youtube-node/-/youtube-node-1.3.0.tgz not in flight; adding
44 verbose addTmpTarball already have metadata; skipping unpack for youtube-node@1.3.0
45 verbose correctMkdir /home/marts/.npm correctMkdir not in flight; initializing
46 silly cache afterAdd youtube-node@1.3.0
47 verbose afterAdd /home/marts/.npm/youtube-node/1.3.0/package/package.json not in flight; writing
48 verbose correctMkdir /home/marts/.npm correctMkdir not in flight; initializing
49 verbose afterAdd /home/marts/.npm/youtube-node/1.3.0/package/package.json written
50 silly install resolved [ { name: 'youtube-node',
50 silly install resolved     description: 'Youtube API v3 client for nodeJS',
50 silly install resolved     version: '1.3.0',
50 silly install resolved     author: { name: 'Paulo McNally', email: 'paulomcnally@gmail.com' },
50 silly install resolved     keywords: [ 'youtube', 'videos', 'api' ],
50 silly install resolved     dependencies: { request: '2.53.0', prompt: '0.2.14', colors: '1.0.3' },
50 silly install resolved     directories: { lib: './lib/youtube' },
50 silly install resolved     main: './index.js',
50 silly install resolved     bin: { youtube: './bin/youtube' },
50 silly install resolved     bugs:
50 silly install resolved      { url: 'https://github.com/paulomcnally/youtube-node/issues/new',
50 silly install resolved        email: 'paulomcnally@gmail.com' },
50 silly install resolved     repository:
50 silly install resolved      { type: 'git',
50 silly install resolved        url: 'git://github.com/paulomcnally/youtube-node.git' },
50 silly install resolved     devDependencies: { should: '^4.3.0' },
50 silly install resolved     gitHead: '610bb3df8f594fa55692e6a02a8fb1414fc2a191',
50 silly install resolved     homepage: 'https://github.com/paulomcnally/youtube-node#readme',
50 silly install resolved     _id: 'youtube-node@1.3.0',
50 silly install resolved     scripts: {},
50 silly install resolved     _shasum: '5c62450ed10349e4b12362aca8b121db1d931ba6',
50 silly install resolved     _from: 'youtube-node@latest',
50 silly install resolved     _resolved: 'https://registry.npmjs.org/youtube-node/-/youtube-node-1.3.0.tgz',
50 silly install resolved     _npmVersion: '2.9.0',
50 silly install resolved     _nodeVersion: '2.0.0',
50 silly install resolved     _npmUser: { name: 'paulomcnally', email: 'paulomcnally@gmail.com' },
50 silly install resolved     dist:
50 silly install resolved      { shasum: '5c62450ed10349e4b12362aca8b121db1d931ba6',
50 silly install resolved        tarball: 'https://registry.npmjs.org/youtube-node/-/youtube-node-1.3.0.tgz' },
50 silly install resolved     maintainers: [ [Object] ] } ]
51 info install youtube-node@1.3.0 into /usr/lib
52 info installOne youtube-node@1.3.0
53 verbose installOne of youtube-node to /usr/lib not in flight; installing
54 verbose correctMkdir /home/marts/.npm/_locks correctMkdir not in flight; initializing
55 verbose lock using /home/marts/.npm/_locks/youtube-node-7064ce08b1f0e0bd.lock for /usr/lib/node_modules/youtube-node
56 silly install write writing youtube-node 1.3.0 to /usr/lib/node_modules/youtube-node
57 verbose unbuild lib/node_modules/youtube-node
58 silly gentlyRm /usr/lib/node_modules/youtube-node is being purged from base /usr
59 verbose gentlyRm don't care about contents; nuking /usr/lib/node_modules/youtube-node
60 verbose tar unpack /home/marts/.npm/youtube-node/1.3.0/package.tgz
61 verbose tar unpacking to /usr/lib/node_modules/youtube-node
62 silly gentlyRm /usr/lib/node_modules/youtube-node is being purged
63 verbose gentlyRm don't care about contents; nuking /usr/lib/node_modules/youtube-node
64 silly gunzTarPerm modes [ '775', '664' ]
65 error tar.unpack untar error /home/marts/.npm/youtube-node/1.3.0/package.tgz
66 verbose unlock done using /home/marts/.npm/_locks/youtube-node-7064ce08b1f0e0bd.lock for /usr/lib/node_modules/youtube-node
67 verbose fstream_path /usr/lib/node_modules/youtube-node
68 verbose fstream_type Directory
69 verbose fstream_class DirWriter
70 verbose stack Error: EACCES: permission denied, mkdir '/usr/lib/node_modules/youtube-node'
70 verbose stack     at Error (native)
71 verbose fstream_stack /usr/lib/node_modules/npm/node_modules/fstream/lib/dir-writer.js:35:25
71 verbose fstream_stack /usr/lib/node_modules/npm/node_modules/mkdirp/index.js:47:53
71 verbose fstream_stack FSReqWrap.oncomplete (fs.js:82:15)
72 verbose cwd /home/marts/dev/finesse
73 error Linux 4.2.0-36-generic
74 error argv "/usr/bin/nodejs" "/usr/bin/npm" "install" "youtube-node" "-g"
75 error node v4.4.4
76 error npm  v2.15.1
77 error path /usr/lib/node_modules/youtube-node
78 error code EACCES
79 error errno -13
80 error syscall mkdir
81 error Error: EACCES: permission denied, mkdir '/usr/lib/node_modules/youtube-node'
81 error     at Error (native)
81 error  { [Error: EACCES: permission denied, mkdir '/usr/lib/node_modules/youtube-node']
81 error   errno: -13,
81 error   code: 'EACCES',
81 error   syscall: 'mkdir',
81 error   path: '/usr/lib/node_modules/youtube-node',
81 error   fstream_type: 'Directory',
81 error   fstream_path: '/usr/lib/node_modules/youtube-node',
81 error   fstream_class: 'DirWriter',
81 error   fstream_stack:
81 error    [ '/usr/lib/node_modules/npm/node_modules/fstream/lib/dir-writer.js:35:25',
81 error      '/usr/lib/node_modules/npm/node_modules/mkdirp/index.js:47:53',
81 error      'FSReqWrap.oncomplete (fs.js:82:15)' ] }
82 error Please try running this command again as root/Administrator.
83 verbose exit [ -13, true ]
84 verbose unbuild lib/node_modules/youtube-node
85 silly gentlyRm /usr/lib/node_modules/youtube-node is being purged from base /usr
86 verbose gentlyRm don't care about contents; nuking /usr/lib/node_modules/youtube-node
